#
# A fatal error has been detected by the Java Runtime Environment:
#
#  SIGSEGV (0xb) at pc=0x000000010ccd899d, pid=77312, tid=26987
#
# JRE version: OpenJDK Runtime Environment Temurin-17.0.3+7 (17.0.3+7) (build 17.0.3+7)
# Java VM: OpenJDK 64-Bit Server VM Temurin-17.0.3+7 (17.0.3+7, mixed mode, tiered, compressed oops, compressed class ptrs, g1 gc, bsd-amd64)
# Problematic frame:
# V  [libjvm.dylib+0xa5299d]  _ZNK6Symbol11as_C_stringEv+0xd
#
# No core dump will be written. Core dumps have been disabled. To enable core dumping, try "ulimit -c unlimited" before starting Java again
#
# If you would like to submit a bug report, please visit:
#   https://github.com/adoptium/adoptium-support/issues
#

---------------  S U M M A R Y ------------

Command Line: -XX:+ShowCodeDetailsInExceptionMessages -agentlib:jdwp=transport=dt_socket,suspend=y,address=localhost:53813 -javaagent:/Users/puderjasket/eclipse/java-2025-03/Eclipse.app/Contents/Eclipse/configuration/org.eclipse.osgi/245/0/.cp/lib/javaagent-shaded.jar -Dfile.encoding=UTF-8 -Dstdout.encoding=UTF-8 -Dstderr.encoding=UTF-8 datastructures.Graph

Host: "Mac14,7" x86_64 (EMULATED) 2400 MHz, 8 cores, 8G, Darwin 21.5.0, macOS 10.16 (21F2081)
Time: Thu Apr 10 21:30:32 2025 CST elapsed time: 103.126443 seconds (0d 0h 1m 43s)

---------------  T H R E A D  ---------------

Current thread (0x00007fa02b011000):  JavaThread "JDWP Transport Listener: dt_socket" daemon [_thread_in_vm, id=26987, stack(0x000000030a9b8000,0x000000030aab8000)]

Stack: [0x000000030a9b8000,0x000000030aab8000],  sp=0x000000030aab7ab0,  free space=1022k
Native frames: (J=compiled Java code, j=interpreted, Vv=VM code, C=native code)
V  [libjvm.dylib+0xa5299d]  _ZNK6Symbol11as_C_stringEv+0xd
V  [libjvm.dylib+0x6cc232]  _ZN8JvmtiEnv17GetClassSignatureEP7oopDescPPcS3_+0x152
V  [libjvm.dylib+0x68a544]  _ZL23jvmti_GetClassSignatureP9_jvmtiEnvP7_jclassPPcS4_+0x154
C  [libjdwp.dylib+0x2b75a]  classSignature+0x7a
C  [libjdwp.dylib+0x6163]  signatureWithGeneric+0x53
C  [libjdwp.dylib+0x11439]  debugLoop_run+0x1f9
C  [libjdwp.dylib+0x25ee6]  attachThread+0x76
V  [libjvm.dylib+0x6e5871]  _ZN16JvmtiAgentThread19call_start_functionEv+0x81
V  [libjvm.dylib+0xaa2095]  _ZN10JavaThread17thread_main_innerEv+0x145
V  [libjvm.dylib+0xaa044a]  _ZN6Thread8call_runEv+0x11a
V  [libjvm.dylib+0x8acd9b]  _ZL19thread_native_entryP6Thread+0x14b
C  [libsystem_pthread.dylib+0x64e1]  _pthread_start+0x7d
C  [libsystem_pthread.dylib+0x1f6b]  thread_start+0xf


siginfo: si_signo: 11 (SIGSEGV), si_code: 1 (SEGV_MAPERR), si_addr: 0x0000000000a30011

Register to memory mapping:

RAX=0x0000000129c478b8 is pointing into metadata
RBX=0x0000000000a3000d is an unknown value
RCX=0x00000000000000ae is an unknown value
RDX=0x0 is NULL
RSP=0x000000030aab7ab0 is pointing into the stack for thread: 0x00007fa02b011000
RBP=0x000000030aab7ad0 is pointing into the stack for thread: 0x00007fa02b011000
RSI=0x00007fa02c2087a7 points into unknown readable memory: 75
RDI=0x0000000000a3000d is an unknown value
R8 =0x0 is NULL
R9 =0x0000000000000014 is an unknown value
R10=0x000060000061c838 points into unknown readable memory: 0x0000000000000000 | 00 00 00 00 00 00 00 00
R11=0x00007fa02c2202f0 points into unknown readable memory: 0x900007fa02c226ce | ce 26 c2 02 fa 07 00 90
R12=0x0000600002b102a0 points into unknown readable memory: 0x0000000000000002 | 02 00 00 00 00 00 00 00
R13=0x00007fa02c208b48 points into unknown readable memory: 0x0000000000000000 | 00 00 00 00 00 00 00 00
R14=0x00000008001052d8 is a pointer to class: 
datastructures.Graph {0x00000008001052d8}
 - instance size:     4
 - klass size:        71
 - access:            public synchronized 
 - state:             fully_initialized
 - name:              'datastructures/Graph'
 - super:             'java/lang/Object'
 - sub:               
 - arrays:            NULL
 - methods:           Array<T>(0x0000000129c45340)
 - method ordering:   Array<T>(0x0000000129c46530)
 - default_methods:   Array<T>(0x0000000000000000)
 - local interfaces:  Array<T>(0x0000000127400058)
 - trans. interfaces: Array<T>(0x0000000127400058)
 - constants:         constant pool [196]/operands[15] {0x0000000129c478b8} for 'datastructures/Graph' cache=0x0000000129c43800
 - class loader data:  loader data: 0x00006000014180a0 for instance a 'jdk/internal/loader/ClassLoaders$AppClassLoader'{0x0000000787f55a70}
 - source file:       'Graph.java'
 - source debug extension:       SMAP
Graph.java
Java
*S jdt
*F
1 Graph.java
2 file:/Users/puderjasket/eclipse-workspace/algorithm/bin/
*L
*E

 - class annotations:       Array<T>(0x0000000000000000)
 - class type annotations:  Array<T>(0x0000000000000000)
 - field annotations:       Array<T>(0x0000000000000000)
 - field type annotations:  Array<T>(0x0000000000000000)
 - previous version:  constant pool [196]/operands[15] {0x0000000129c3d1e0} for 'datastructures/Graph' (extra) cache=0x0000000129c3ebd8
 - generic signature: '
[error occurred during error reporting (printing register info), id 0xb, SIGSEGV (0xb) at pc=0x000000010ccd9db2]

Registers:
RAX=0x0000000129c478b8, RBX=0x0000000000a3000d, RCX=0x00000000000000ae, RDX=0x0000000000000000
RSP=0x000000030aab7ab0, RBP=0x000000030aab7ad0, RSI=0x00007fa02c2087a7, RDI=0x0000000000a3000d
R8 =0x0000000000000000, R9 =0x0000000000000014, R10=0x000060000061c838, R11=0x00007fa02c2202f0
R12=0x0000600002b102a0, R13=0x00007fa02c208b48, R14=0x00000008001052d8, R15=0x0000000000000000
RIP=0x000000010ccd899d, EFLAGS=0x0000000000000203, ERR=0x0000000000000004
  TRAPNO=0x000000000000000e

Top of Stack: (sp=0x000000030aab7ab0)
0x000000030aab7ab0:   0000000129c478b8 0000600002521b20
0x000000030aab7ac0:   00000008001052d8 0000000000000000
0x000000030aab7ad0:   000000030aab7b40 000000010c952232
0x000000030aab7ae0:   00007fa02c208760 00007fa02c208770
0x000000030aab7af0:   00000000000003d8 000000030aab7bb8
0x000000030aab7b00:   000000030aab7c00 00007fa02a704c60
0x000000030aab7b10:   00007fa02c208b48 000000030aab7bb8
0x000000030aab7b20:   00007fa02a704c60 00007fa02b011000
0x000000030aab7b30:   0000000787bec5a8 0000000000000015
0x000000030aab7b40:   000000030aab7ba0 000000010c910544
0x000000030aab7b50:   00007fa02b011000 0000000000000000
0x000000030aab7b60:   0000000300000000 0000000000000000
0x000000030aab7b70:   000000030aab7c00 000000030aab7c30
0x000000030aab7b80:   000000030aab7bf8 0000600002521960
0x000000030aab7b90:   000000030aab7c00 00007fa02c206108
0x000000030aab7ba0:   000000030aab7be0 000000010b21b75a
0x000000030aab7bb0:   000000030aab7be0 0000600002521b20
0x000000030aab7bc0:   000000030aab7c30 000000010b2264d8
0x000000030aab7bd0:   000000030aab7c88 00007fa02c206108
0x000000030aab7be0:   000000030aab7c20 000000010b1f6163
0x000000030aab7bf0:   0000000000001ca2 0000000000000000
0x000000030aab7c00:   0000000000000000 000000010b1f6110
0x000000030aab7c10:   000000030aab7c88 000000030aab7c30
0x000000030aab7c20:   000000030aab7e40 000000010b201439
0x000000030aab7c30:   00006000027ba248 0000000000000000
0x000000030aab7c40:   00001ca200000013 000000010c0d0200
0x000000030aab7c50:   00006000027ba240 0000600002521960
0x000000030aab7c60:   000000010b21ee06 000000010b21efce
0x000000030aab7c70:   00001ca200000013 000000010c0d0200
0x000000030aab7c80:   00006000027ba240 000000030aab7cd8
0x000000030aab7c90:   00007fa00000012c 000000030aab7ca0
0x000000030aab7ca0:   00007fa000000000 000000030aab7cd8 

Instructions: (pc=0x000000010ccd899d)
0x000000010ccd889d:   c1 7c f0 eb 03 45 31 c0 42 c6 04 06 00 48 89 f0
0x000000010ccd88ad:   5d c3 4c 89 c1 48 83 e1 e0 48 8d 51 e0 48 89 d0
0x000000010ccd88bd:   48 c1 e8 05 48 ff c0 41 89 c1 41 83 e1 03 48 83
0x000000010ccd88cd:   fa 60 73 0c 31 c0 4d 85 c9 75 76 e9 9f 00 00 00
0x000000010ccd88dd:   ba 01 00 00 00 48 29 c2 49 8d 54 11 ff 31 c0 0f
0x000000010ccd88ed:   1f 40 00 0f 10 44 07 06 0f 10 4c 07 16 0f 11 04
0x000000010ccd88fd:   06 0f 11 4c 06 10 0f 10 44 07 26 0f 10 4c 07 36
0x000000010ccd890d:   0f 11 44 06 20 0f 11 4c 06 30 0f 10 44 07 46 0f
0x000000010ccd891d:   10 4c 07 56 0f 11 44 06 40 0f 11 4c 06 50 0f 10
0x000000010ccd892d:   44 07 66 0f 10 4c 07 76 0f 11 44 06 60 0f 11 4c
0x000000010ccd893d:   06 70 48 83 e8 80 48 83 c2 04 75 a7 4d 85 c9 74
0x000000010ccd894d:   2e 49 f7 d9 66 2e 0f 1f 84 00 00 00 00 00 0f 1f
0x000000010ccd895d:   44 00 00 0f 10 44 07 06 0f 10 4c 07 16 0f 11 04
0x000000010ccd896d:   06 0f 11 4c 06 10 48 83 c0 20 49 ff c1 75 e4 4c
0x000000010ccd897d:   39 c1 0f 85 0b ff ff ff e9 1b ff ff ff 66 0f 1f
0x000000010ccd898d:   44 00 00 55 48 89 e5 41 57 41 56 53 50 48 89 fb
0x000000010ccd899d:   44 0f b7 7f 04 49 8d 7f 01 45 31 f6 31 f6 e8 40
0x000000010ccd89ad:   f8 ed ff 0f b7 4b 04 41 39 cf 41 0f 42 cf 85 c9
0x000000010ccd89bd:   0f 8e 3d 01 00 00 41 89 ce 83 f9 01 41 b8 01 00
0x000000010ccd89cd:   00 00 4d 0f 47 c6 49 83 f8 20 73 07 31 d2 e9 10
0x000000010ccd89dd:   01 00 00 49 83 fe 01 b9 01 00 00 00 49 0f 47 ce
0x000000010ccd89ed:   48 8d 54 0b 06 48 39 d0 73 16 48 89 c2 48 01 ca
0x000000010ccd89fd:   48 8d 4b 06 48 39 d1 73 07 31 d2 e9 e3 00 00 00
0x000000010ccd8a0d:   44 89 c2 83 e2 e0 48 8d 7a e0 48 89 f9 48 c1 e9
0x000000010ccd8a1d:   05 48 ff c1 89 ce 83 e6 03 48 83 ff 60 73 0c 31
0x000000010ccd8a2d:   ff 48 85 f6 75 7b e9 a4 00 00 00 bf 01 00 00 00
0x000000010ccd8a3d:   48 29 cf 48 8d 4c 3e ff 31 ff 66 0f 1f 84 00 00
0x000000010ccd8a4d:   00 00 00 0f 10 44 3b 06 0f 10 4c 3b 16 0f 11 04
0x000000010ccd8a5d:   38 0f 11 4c 38 10 0f 10 44 3b 26 0f 10 4c 3b 36
0x000000010ccd8a6d:   0f 11 44 38 20 0f 11 4c 38 30 0f 10 44 3b 46 0f
0x000000010ccd8a7d:   10 4c 3b 56 0f 11 44 38 40 0f 11 4c 38 50 0f 10
0x000000010ccd8a8d:   44 3b 66 0f 10 4c 3b 76 0f 11 44 38 60 0f 11 4c 


Stack slot to memory mapping:
stack at sp + 0 slots: 0x0000000129c478b8 is pointing into metadata
stack at sp + 1 slots: 0x0000600002521b20 points into unknown readable memory: 0x727473617461644c | 4c 64 61 74 61 73 74 72
stack at sp + 2 slots: 0x00000008001052d8 is a pointer to class: 
datastructures.Graph {0x00000008001052d8}
 - instance size:     4
 - klass size:        71
 - access:            public synchronized 
 - state:             fully_initialized
 - name:              'datastructures/Graph'
 - super:             'java/lang/Object'
 - sub:               
 - arrays:            NULL
 - methods:           Array<T>(0x0000000129c45340)
 - method ordering:   Array<T>(0x0000000129c46530)
 - default_methods:   Array<T>(0x0000000000000000)
 - local interfaces:  Array<T>(0x0000000127400058)
 - trans. interfaces: Array<T>(0x0000000127400058)
 - constants:         constant pool [196]/operands[15] {0x0000000129c478b8} for 'datastructures/Graph' cache=0x0000000129c43800
 - class loader data:  loader data: 0x00006000014180a0 for instance a 'jdk/internal/loader/ClassLoaders$AppClassLoader'{0x0000000787f55a70}
 - source file:       'Graph.java'
 - source debug extension:       SMAP
Graph.java
Java
*S jdt
*F
1 Graph.java
2 file:/Users/puderjasket/eclipse-workspace/algorithm/bin/
*L
*E

 - class annotations:       Array<T>(0x0000000000000000)
 - class type annotations:  Array<T>(0x0000000000000000)
 - field annotations:       Array<T>(0x0000000000000000)
 - field type annotations:  Array<T>(0x0000000000000000)
 - previous version:  constant pool [196]/operands[15] {0x0000000129c3d1e0} for 'datastructures/Graph' (extra) cache=0x0000000129c3ebd8
 - generic signature: '
[error occurred during error reporting (inspecting top of stack), id 0xb, SIGSEGV (0xb) at pc=0x000000010ccd9db2]


---------------  P R O C E S S  ---------------

Threads class SMR info:
_java_thread_list=0x00006000025257e0, length=14, elements={
0x00007fa02c811a00, 0x00007fa02c814800, 0x00007fa02b823e00, 0x00007fa02c814e00,
0x00007fa02a8ace00, 0x00007fa02a8ad400, 0x00007fa02a8b0000, 0x00007fa02a8b0600,
0x00007fa02a8b0c00, 0x00007fa02c833a00, 0x00007fa02b011000, 0x00007fa02b008800,
0x00007fa02b019600, 0x00007fa02b82cc00
}

Java Threads: ( => current thread )
  0x00007fa02c811a00 JavaThread "main" [_thread_blocked, id=8195, stack(0x0000000309878000,0x0000000309978000)]
  0x00007fa02c814800 JavaThread "Reference Handler" daemon [_thread_blocked, id=42567, stack(0x0000000309f8d000,0x000000030a08d000)]
  0x00007fa02b823e00 JavaThread "Finalizer" daemon [_thread_blocked, id=42243, stack(0x000000030a090000,0x000000030a190000)]
  0x00007fa02c814e00 JavaThread "Signal Dispatcher" daemon [_thread_blocked, id=24323, stack(0x000000030a2a3000,0x000000030a3a3000)]
  0x00007fa02a8ace00 JavaThread "Service Thread" daemon [_thread_blocked, id=39683, stack(0x000000030a3a6000,0x000000030a4a6000)]
  0x00007fa02a8ad400 JavaThread "Monitor Deflation Thread" daemon [_thread_blocked, id=25091, stack(0x000000030a4a9000,0x000000030a5a9000)]
  0x00007fa02a8b0000 JavaThread "C2 CompilerThread0" daemon [_thread_blocked, id=25603, stack(0x000000030a5ac000,0x000000030a6ac000)]
  0x00007fa02a8b0600 JavaThread "C1 CompilerThread0" daemon [_thread_blocked, id=26115, stack(0x000000030a6af000,0x000000030a7af000)]
  0x00007fa02a8b0c00 JavaThread "Sweeper thread" daemon [_thread_blocked, id=39427, stack(0x000000030a7b2000,0x000000030a8b2000)]
  0x00007fa02c833a00 JavaThread "Common-Cleaner" daemon [_thread_blocked, id=38547, stack(0x000000030a8b5000,0x000000030a9b5000)]
=>0x00007fa02b011000 JavaThread "JDWP Transport Listener: dt_socket" daemon [_thread_in_vm, id=26987, stack(0x000000030a9b8000,0x000000030aab8000)]
  0x00007fa02b008800 JavaThread "JDWP Event Helper Thread" daemon [_thread_blocked, id=27139, stack(0x000000030aabb000,0x000000030abbb000)]
  0x00007fa02b019600 JavaThread "JDWP Command Reader" daemon [_thread_in_native, id=27651, stack(0x000000030abbe000,0x000000030acbe000)]
  0x00007fa02b82cc00 JavaThread "Notification Thread" daemon [_thread_blocked, id=28451, stack(0x000000030acc1000,0x000000030adc1000)]

Other Threads:
  0x00007fa02c107c60 VMThread "VM Thread" [stack: 0x0000000309e8a000,0x0000000309f8a000] [id=43267]
  0x00007fa02c009020 WatcherThread [stack: 0x000000030adc4000,0x000000030aec4000] [id=28931]
  0x00007fa02a707130 GCTaskThread "GC Thread#0" [stack: 0x000000030997b000,0x0000000309a7b000] [id=14339]
  0x00007fa02a7077d0 ConcurrentGCThread "G1 Main Marker" [stack: 0x0000000309a7e000,0x0000000309b7e000] [id=18947]
  0x00007fa02a708050 ConcurrentGCThread "G1 Conc#0" [stack: 0x0000000309b81000,0x0000000309c81000] [id=14595]
  0x00007fa02c104d50 ConcurrentGCThread "G1 Refine#0" [stack: 0x0000000309c84000,0x0000000309d84000] [id=15107]
  0x00007fa02c1055e0 ConcurrentGCThread "G1 Service" [stack: 0x0000000309d87000,0x0000000309e87000] [id=15363]

Threads with active compile tasks:

VM state: not at safepoint (normal execution)

VM Mutex/Monitor currently owned by a thread: None

Heap address: 0x0000000780000000, size: 2048 MB, Compressed Oops mode: Zero based, Oop shift amount: 3

CDS archive(s) not mapped
Compressed class space mapped at: 0x0000000800000000-0x0000000840000000, reserved size: 1073741824
Narrow klass base: 0x0000000800000000, Narrow klass shift: 0, Narrow klass range: 0x40000000

GC Precious Log:
 CPUs: 8 total, 8 available
 Memory: 8192M
 Large Page Support: Disabled
 NUMA Support: Disabled
 Compressed Oops: Enabled (Zero based)
 Heap Region Size: 1M
 Heap Min Capacity: 8M
 Heap Initial Capacity: 128M
 Heap Max Capacity: 2G
 Pre-touch: Disabled
 Parallel Workers: 8
 Concurrent Workers: 2
 Concurrent Refinement Workers: 8
 Periodic GC: Disabled

Heap:
 garbage-first heap   total 131072K, used 5120K [0x0000000780000000, 0x0000000800000000)
  region size 1024K, 6 young (6144K), 0 survivors (0K)
 Metaspace       used 9417K, committed 9536K, reserved 1064960K
  class space    used 829K, committed 896K, reserved 1048576K

Heap Regions: E=young(eden), S=young(survivor), O=old, HS=humongous(starts), HC=humongous(continues), CS=collection set, F=free, OA=open archive, CA=closed archive, TAMS=top-at-mark-start (previous, next)
|   0|0x0000000780000000, 0x0000000780000000, 0x0000000780100000|  0%| F|  |TAMS 0x0000000780000000, 0x0000000780000000| Untracked 
|   1|0x0000000780100000, 0x0000000780100000, 0x0000000780200000|  0%| F|  |TAMS 0x0000000780100000, 0x0000000780100000| Untracked 
|   2|0x0000000780200000, 0x0000000780200000, 0x0000000780300000|  0%| F|  |TAMS 0x0000000780200000, 0x0000000780200000| Untracked 
|   3|0x0000000780300000, 0x0000000780300000, 0x0000000780400000|  0%| F|  |TAMS 0x0000000780300000, 0x0000000780300000| Untracked 
|   4|0x0000000780400000, 0x0000000780400000, 0x0000000780500000|  0%| F|  |TAMS 0x0000000780400000, 0x0000000780400000| Untracked 
|   5|0x0000000780500000, 0x0000000780500000, 0x0000000780600000|  0%| F|  |TAMS 0x0000000780500000, 0x0000000780500000| Untracked 
|   6|0x0000000780600000, 0x0000000780600000, 0x0000000780700000|  0%| F|  |TAMS 0x0000000780600000, 0x0000000780600000| Untracked 
|   7|0x0000000780700000, 0x0000000780700000, 0x0000000780800000|  0%| F|  |TAMS 0x0000000780700000, 0x0000000780700000| Untracked 
|   8|0x0000000780800000, 0x0000000780800000, 0x0000000780900000|  0%| F|  |TAMS 0x0000000780800000, 0x0000000780800000| Untracked 
|   9|0x0000000780900000, 0x0000000780900000, 0x0000000780a00000|  0%| F|  |TAMS 0x0000000780900000, 0x0000000780900000| Untracked 
|  10|0x0000000780a00000, 0x0000000780a00000, 0x0000000780b00000|  0%| F|  |TAMS 0x0000000780a00000, 0x0000000780a00000| Untracked 
|  11|0x0000000780b00000, 0x0000000780b00000, 0x0000000780c00000|  0%| F|  |TAMS 0x0000000780b00000, 0x0000000780b00000| Untracked 
|  12|0x0000000780c00000, 0x0000000780c00000, 0x0000000780d00000|  0%| F|  |TAMS 0x0000000780c00000, 0x0000000780c00000| Untracked 
|  13|0x0000000780d00000, 0x0000000780d00000, 0x0000000780e00000|  0%| F|  |TAMS 0x0000000780d00000, 0x0000000780d00000| Untracked 
|  14|0x0000000780e00000, 0x0000000780e00000, 0x0000000780f00000|  0%| F|  |TAMS 0x0000000780e00000, 0x0000000780e00000| Untracked 
|  15|0x0000000780f00000, 0x0000000780f00000, 0x0000000781000000|  0%| F|  |TAMS 0x0000000780f00000, 0x0000000780f00000| Untracked 
|  16|0x0000000781000000, 0x0000000781000000, 0x0000000781100000|  0%| F|  |TAMS 0x0000000781000000, 0x0000000781000000| Untracked 
|  17|0x0000000781100000, 0x0000000781100000, 0x0000000781200000|  0%| F|  |TAMS 0x0000000781100000, 0x0000000781100000| Untracked 
|  18|0x0000000781200000, 0x0000000781200000, 0x0000000781300000|  0%| F|  |TAMS 0x0000000781200000, 0x0000000781200000| Untracked 
|  19|0x0000000781300000, 0x0000000781300000, 0x0000000781400000|  0%| F|  |TAMS 0x0000000781300000, 0x0000000781300000| Untracked 
|  20|0x0000000781400000, 0x0000000781400000, 0x0000000781500000|  0%| F|  |TAMS 0x0000000781400000, 0x0000000781400000| Untracked 
|  21|0x0000000781500000, 0x0000000781500000, 0x0000000781600000|  0%| F|  |TAMS 0x0000000781500000, 0x0000000781500000| Untracked 
|  22|0x0000000781600000, 0x0000000781600000, 0x0000000781700000|  0%| F|  |TAMS 0x0000000781600000, 0x0000000781600000| Untracked 
|  23|0x0000000781700000, 0x0000000781700000, 0x0000000781800000|  0%| F|  |TAMS 0x0000000781700000, 0x0000000781700000| Untracked 
|  24|0x0000000781800000, 0x0000000781800000, 0x0000000781900000|  0%| F|  |TAMS 0x0000000781800000, 0x0000000781800000| Untracked 
|  25|0x0000000781900000, 0x0000000781900000, 0x0000000781a00000|  0%| F|  |TAMS 0x0000000781900000, 0x0000000781900000| Untracked 
|  26|0x0000000781a00000, 0x0000000781a00000, 0x0000000781b00000|  0%| F|  |TAMS 0x0000000781a00000, 0x0000000781a00000| Untracked 
|  27|0x0000000781b00000, 0x0000000781b00000, 0x0000000781c00000|  0%| F|  |TAMS 0x0000000781b00000, 0x0000000781b00000| Untracked 
|  28|0x0000000781c00000, 0x0000000781c00000, 0x0000000781d00000|  0%| F|  |TAMS 0x0000000781c00000, 0x0000000781c00000| Untracked 
|  29|0x0000000781d00000, 0x0000000781d00000, 0x0000000781e00000|  0%| F|  |TAMS 0x0000000781d00000, 0x0000000781d00000| Untracked 
|  30|0x0000000781e00000, 0x0000000781e00000, 0x0000000781f00000|  0%| F|  |TAMS 0x0000000781e00000, 0x0000000781e00000| Untracked 
|  31|0x0000000781f00000, 0x0000000781f00000, 0x0000000782000000|  0%| F|  |TAMS 0x0000000781f00000, 0x0000000781f00000| Untracked 
|  32|0x0000000782000000, 0x0000000782000000, 0x0000000782100000|  0%| F|  |TAMS 0x0000000782000000, 0x0000000782000000| Untracked 
|  33|0x0000000782100000, 0x0000000782100000, 0x0000000782200000|  0%| F|  |TAMS 0x0000000782100000, 0x0000000782100000| Untracked 
|  34|0x0000000782200000, 0x0000000782200000, 0x0000000782300000|  0%| F|  |TAMS 0x0000000782200000, 0x0000000782200000| Untracked 
|  35|0x0000000782300000, 0x0000000782300000, 0x0000000782400000|  0%| F|  |TAMS 0x0000000782300000, 0x0000000782300000| Untracked 
|  36|0x0000000782400000, 0x0000000782400000, 0x0000000782500000|  0%| F|  |TAMS 0x0000000782400000, 0x0000000782400000| Untracked 
|  37|0x0000000782500000, 0x0000000782500000, 0x0000000782600000|  0%| F|  |TAMS 0x0000000782500000, 0x0000000782500000| Untracked 
|  38|0x0000000782600000, 0x0000000782600000, 0x0000000782700000|  0%| F|  |TAMS 0x0000000782600000, 0x0000000782600000| Untracked 
|  39|0x0000000782700000, 0x0000000782700000, 0x0000000782800000|  0%| F|  |TAMS 0x0000000782700000, 0x0000000782700000| Untracked 
|  40|0x0000000782800000, 0x0000000782800000, 0x0000000782900000|  0%| F|  |TAMS 0x0000000782800000, 0x0000000782800000| Untracked 
|  41|0x0000000782900000, 0x0000000782900000, 0x0000000782a00000|  0%| F|  |TAMS 0x0000000782900000, 0x0000000782900000| Untracked 
|  42|0x0000000782a00000, 0x0000000782a00000, 0x0000000782b00000|  0%| F|  |TAMS 0x0000000782a00000, 0x0000000782a00000| Untracked 
|  43|0x0000000782b00000, 0x0000000782b00000, 0x0000000782c00000|  0%| F|  |TAMS 0x0000000782b00000, 0x0000000782b00000| Untracked 
|  44|0x0000000782c00000, 0x0000000782c00000, 0x0000000782d00000|  0%| F|  |TAMS 0x0000000782c00000, 0x0000000782c00000| Untracked 
|  45|0x0000000782d00000, 0x0000000782d00000, 0x0000000782e00000|  0%| F|  |TAMS 0x0000000782d00000, 0x0000000782d00000| Untracked 
|  46|0x0000000782e00000, 0x0000000782e00000, 0x0000000782f00000|  0%| F|  |TAMS 0x0000000782e00000, 0x0000000782e00000| Untracked 
|  47|0x0000000782f00000, 0x0000000782f00000, 0x0000000783000000|  0%| F|  |TAMS 0x0000000782f00000, 0x0000000782f00000| Untracked 
|  48|0x0000000783000000, 0x0000000783000000, 0x0000000783100000|  0%| F|  |TAMS 0x0000000783000000, 0x0000000783000000| Untracked 
|  49|0x0000000783100000, 0x0000000783100000, 0x0000000783200000|  0%| F|  |TAMS 0x0000000783100000, 0x0000000783100000| Untracked 
|  50|0x0000000783200000, 0x0000000783200000, 0x0000000783300000|  0%| F|  |TAMS 0x0000000783200000, 0x0000000783200000| Untracked 
|  51|0x0000000783300000, 0x0000000783300000, 0x0000000783400000|  0%| F|  |TAMS 0x0000000783300000, 0x0000000783300000| Untracked 
|  52|0x0000000783400000, 0x0000000783400000, 0x0000000783500000|  0%| F|  |TAMS 0x0000000783400000, 0x0000000783400000| Untracked 
|  53|0x0000000783500000, 0x0000000783500000, 0x0000000783600000|  0%| F|  |TAMS 0x0000000783500000, 0x0000000783500000| Untracked 
|  54|0x0000000783600000, 0x0000000783600000, 0x0000000783700000|  0%| F|  |TAMS 0x0000000783600000, 0x0000000783600000| Untracked 
|  55|0x0000000783700000, 0x0000000783700000, 0x0000000783800000|  0%| F|  |TAMS 0x0000000783700000, 0x0000000783700000| Untracked 
|  56|0x0000000783800000, 0x0000000783800000, 0x0000000783900000|  0%| F|  |TAMS 0x0000000783800000, 0x0000000783800000| Untracked 
|  57|0x0000000783900000, 0x0000000783900000, 0x0000000783a00000|  0%| F|  |TAMS 0x0000000783900000, 0x0000000783900000| Untracked 
|  58|0x0000000783a00000, 0x0000000783a00000, 0x0000000783b00000|  0%| F|  |TAMS 0x0000000783a00000, 0x0000000783a00000| Untracked 
|  59|0x0000000783b00000, 0x0000000783b00000, 0x0000000783c00000|  0%| F|  |TAMS 0x0000000783b00000, 0x0000000783b00000| Untracked 
|  60|0x0000000783c00000, 0x0000000783c00000, 0x0000000783d00000|  0%| F|  |TAMS 0x0000000783c00000, 0x0000000783c00000| Untracked 
|  61|0x0000000783d00000, 0x0000000783d00000, 0x0000000783e00000|  0%| F|  |TAMS 0x0000000783d00000, 0x0000000783d00000| Untracked 
|  62|0x0000000783e00000, 0x0000000783e00000, 0x0000000783f00000|  0%| F|  |TAMS 0x0000000783e00000, 0x0000000783e00000| Untracked 
|  63|0x0000000783f00000, 0x0000000783f00000, 0x0000000784000000|  0%| F|  |TAMS 0x0000000783f00000, 0x0000000783f00000| Untracked 
|  64|0x0000000784000000, 0x0000000784000000, 0x0000000784100000|  0%| F|  |TAMS 0x0000000784000000, 0x0000000784000000| Untracked 
|  65|0x0000000784100000, 0x0000000784100000, 0x0000000784200000|  0%| F|  |TAMS 0x0000000784100000, 0x0000000784100000| Untracked 
|  66|0x0000000784200000, 0x0000000784200000, 0x0000000784300000|  0%| F|  |TAMS 0x0000000784200000, 0x0000000784200000| Untracked 
|  67|0x0000000784300000, 0x0000000784300000, 0x0000000784400000|  0%| F|  |TAMS 0x0000000784300000, 0x0000000784300000| Untracked 
|  68|0x0000000784400000, 0x0000000784400000, 0x0000000784500000|  0%| F|  |TAMS 0x0000000784400000, 0x0000000784400000| Untracked 
|  69|0x0000000784500000, 0x0000000784500000, 0x0000000784600000|  0%| F|  |TAMS 0x0000000784500000, 0x0000000784500000| Untracked 
|  70|0x0000000784600000, 0x0000000784600000, 0x0000000784700000|  0%| F|  |TAMS 0x0000000784600000, 0x0000000784600000| Untracked 
|  71|0x0000000784700000, 0x0000000784700000, 0x0000000784800000|  0%| F|  |TAMS 0x0000000784700000, 0x0000000784700000| Untracked 
|  72|0x0000000784800000, 0x0000000784800000, 0x0000000784900000|  0%| F|  |TAMS 0x0000000784800000, 0x0000000784800000| Untracked 
|  73|0x0000000784900000, 0x0000000784900000, 0x0000000784a00000|  0%| F|  |TAMS 0x0000000784900000, 0x0000000784900000| Untracked 
|  74|0x0000000784a00000, 0x0000000784a00000, 0x0000000784b00000|  0%| F|  |TAMS 0x0000000784a00000, 0x0000000784a00000| Untracked 
|  75|0x0000000784b00000, 0x0000000784b00000, 0x0000000784c00000|  0%| F|  |TAMS 0x0000000784b00000, 0x0000000784b00000| Untracked 
|  76|0x0000000784c00000, 0x0000000784c00000, 0x0000000784d00000|  0%| F|  |TAMS 0x0000000784c00000, 0x0000000784c00000| Untracked 
|  77|0x0000000784d00000, 0x0000000784d00000, 0x0000000784e00000|  0%| F|  |TAMS 0x0000000784d00000, 0x0000000784d00000| Untracked 
|  78|0x0000000784e00000, 0x0000000784e00000, 0x0000000784f00000|  0%| F|  |TAMS 0x0000000784e00000, 0x0000000784e00000| Untracked 
|  79|0x0000000784f00000, 0x0000000784f00000, 0x0000000785000000|  0%| F|  |TAMS 0x0000000784f00000, 0x0000000784f00000| Untracked 
|  80|0x0000000785000000, 0x0000000785000000, 0x0000000785100000|  0%| F|  |TAMS 0x0000000785000000, 0x0000000785000000| Untracked 
|  81|0x0000000785100000, 0x0000000785100000, 0x0000000785200000|  0%| F|  |TAMS 0x0000000785100000, 0x0000000785100000| Untracked 
|  82|0x0000000785200000, 0x0000000785200000, 0x0000000785300000|  0%| F|  |TAMS 0x0000000785200000, 0x0000000785200000| Untracked 
|  83|0x0000000785300000, 0x0000000785300000, 0x0000000785400000|  0%| F|  |TAMS 0x0000000785300000, 0x0000000785300000| Untracked 
|  84|0x0000000785400000, 0x0000000785400000, 0x0000000785500000|  0%| F|  |TAMS 0x0000000785400000, 0x0000000785400000| Untracked 
|  85|0x0000000785500000, 0x0000000785500000, 0x0000000785600000|  0%| F|  |TAMS 0x0000000785500000, 0x0000000785500000| Untracked 
|  86|0x0000000785600000, 0x0000000785600000, 0x0000000785700000|  0%| F|  |TAMS 0x0000000785600000, 0x0000000785600000| Untracked 
|  87|0x0000000785700000, 0x0000000785700000, 0x0000000785800000|  0%| F|  |TAMS 0x0000000785700000, 0x0000000785700000| Untracked 
|  88|0x0000000785800000, 0x0000000785800000, 0x0000000785900000|  0%| F|  |TAMS 0x0000000785800000, 0x0000000785800000| Untracked 
|  89|0x0000000785900000, 0x0000000785900000, 0x0000000785a00000|  0%| F|  |TAMS 0x0000000785900000, 0x0000000785900000| Untracked 
|  90|0x0000000785a00000, 0x0000000785a00000, 0x0000000785b00000|  0%| F|  |TAMS 0x0000000785a00000, 0x0000000785a00000| Untracked 
|  91|0x0000000785b00000, 0x0000000785b00000, 0x0000000785c00000|  0%| F|  |TAMS 0x0000000785b00000, 0x0000000785b00000| Untracked 
|  92|0x0000000785c00000, 0x0000000785c00000, 0x0000000785d00000|  0%| F|  |TAMS 0x0000000785c00000, 0x0000000785c00000| Untracked 
|  93|0x0000000785d00000, 0x0000000785d00000, 0x0000000785e00000|  0%| F|  |TAMS 0x0000000785d00000, 0x0000000785d00000| Untracked 
|  94|0x0000000785e00000, 0x0000000785e00000, 0x0000000785f00000|  0%| F|  |TAMS 0x0000000785e00000, 0x0000000785e00000| Untracked 
|  95|0x0000000785f00000, 0x0000000785f00000, 0x0000000786000000|  0%| F|  |TAMS 0x0000000785f00000, 0x0000000785f00000| Untracked 
|  96|0x0000000786000000, 0x0000000786000000, 0x0000000786100000|  0%| F|  |TAMS 0x0000000786000000, 0x0000000786000000| Untracked 
|  97|0x0000000786100000, 0x0000000786100000, 0x0000000786200000|  0%| F|  |TAMS 0x0000000786100000, 0x0000000786100000| Untracked 
|  98|0x0000000786200000, 0x0000000786200000, 0x0000000786300000|  0%| F|  |TAMS 0x0000000786200000, 0x0000000786200000| Untracked 
|  99|0x0000000786300000, 0x0000000786300000, 0x0000000786400000|  0%| F|  |TAMS 0x0000000786300000, 0x0000000786300000| Untracked 
| 100|0x0000000786400000, 0x0000000786400000, 0x0000000786500000|  0%| F|  |TAMS 0x0000000786400000, 0x0000000786400000| Untracked 
| 101|0x0000000786500000, 0x0000000786500000, 0x0000000786600000|  0%| F|  |TAMS 0x0000000786500000, 0x0000000786500000| Untracked 
| 102|0x0000000786600000, 0x0000000786600000, 0x0000000786700000|  0%| F|  |TAMS 0x0000000786600000, 0x0000000786600000| Untracked 
| 103|0x0000000786700000, 0x0000000786700000, 0x0000000786800000|  0%| F|  |TAMS 0x0000000786700000, 0x0000000786700000| Untracked 
| 104|0x0000000786800000, 0x0000000786800000, 0x0000000786900000|  0%| F|  |TAMS 0x0000000786800000, 0x0000000786800000| Untracked 
| 105|0x0000000786900000, 0x0000000786900000, 0x0000000786a00000|  0%| F|  |TAMS 0x0000000786900000, 0x0000000786900000| Untracked 
| 106|0x0000000786a00000, 0x0000000786a00000, 0x0000000786b00000|  0%| F|  |TAMS 0x0000000786a00000, 0x0000000786a00000| Untracked 
| 107|0x0000000786b00000, 0x0000000786b00000, 0x0000000786c00000|  0%| F|  |TAMS 0x0000000786b00000, 0x0000000786b00000| Untracked 
| 108|0x0000000786c00000, 0x0000000786c00000, 0x0000000786d00000|  0%| F|  |TAMS 0x0000000786c00000, 0x0000000786c00000| Untracked 
| 109|0x0000000786d00000, 0x0000000786d00000, 0x0000000786e00000|  0%| F|  |TAMS 0x0000000786d00000, 0x0000000786d00000| Untracked 
| 110|0x0000000786e00000, 0x0000000786e00000, 0x0000000786f00000|  0%| F|  |TAMS 0x0000000786e00000, 0x0000000786e00000| Untracked 
| 111|0x0000000786f00000, 0x0000000786f00000, 0x0000000787000000|  0%| F|  |TAMS 0x0000000786f00000, 0x0000000786f00000| Untracked 
| 112|0x0000000787000000, 0x0000000787000000, 0x0000000787100000|  0%| F|  |TAMS 0x0000000787000000, 0x0000000787000000| Untracked 
| 113|0x0000000787100000, 0x0000000787100000, 0x0000000787200000|  0%| F|  |TAMS 0x0000000787100000, 0x0000000787100000| Untracked 
| 114|0x0000000787200000, 0x0000000787200000, 0x0000000787300000|  0%| F|  |TAMS 0x0000000787200000, 0x0000000787200000| Untracked 
| 115|0x0000000787300000, 0x0000000787300000, 0x0000000787400000|  0%| F|  |TAMS 0x0000000787300000, 0x0000000787300000| Untracked 
| 116|0x0000000787400000, 0x0000000787400000, 0x0000000787500000|  0%| F|  |TAMS 0x0000000787400000, 0x0000000787400000| Untracked 
| 117|0x0000000787500000, 0x0000000787500000, 0x0000000787600000|  0%| F|  |TAMS 0x0000000787500000, 0x0000000787500000| Untracked 
| 118|0x0000000787600000, 0x0000000787600000, 0x0000000787700000|  0%| F|  |TAMS 0x0000000787600000, 0x0000000787600000| Untracked 
| 119|0x0000000787700000, 0x0000000787700000, 0x0000000787800000|  0%| F|  |TAMS 0x0000000787700000, 0x0000000787700000| Untracked 
| 120|0x0000000787800000, 0x0000000787800000, 0x0000000787900000|  0%| F|  |TAMS 0x0000000787800000, 0x0000000787800000| Untracked 
| 121|0x0000000787900000, 0x0000000787900000, 0x0000000787a00000|  0%| F|  |TAMS 0x0000000787900000, 0x0000000787900000| Untracked 
| 122|0x0000000787a00000, 0x0000000787a76460, 0x0000000787b00000| 46%| E|  |TAMS 0x0000000787a00000, 0x0000000787a00000| Complete 
| 123|0x0000000787b00000, 0x0000000787c00000, 0x0000000787c00000|100%| E|CS|TAMS 0x0000000787b00000, 0x0000000787b00000| Complete 
| 124|0x0000000787c00000, 0x0000000787d00000, 0x0000000787d00000|100%| E|CS|TAMS 0x0000000787c00000, 0x0000000787c00000| Complete 
| 125|0x0000000787d00000, 0x0000000787e00000, 0x0000000787e00000|100%| E|CS|TAMS 0x0000000787d00000, 0x0000000787d00000| Complete 
| 126|0x0000000787e00000, 0x0000000787f00000, 0x0000000787f00000|100%| E|CS|TAMS 0x0000000787e00000, 0x0000000787e00000| Complete 
| 127|0x0000000787f00000, 0x0000000788000000, 0x0000000788000000|100%| E|CS|TAMS 0x0000000787f00000, 0x0000000787f00000| Complete 

Card table byte_map: [0x000000010b915000,0x000000010bd15000] _byte_map_base: 0x0000000107d15000

Marking Bits (Prev, Next): (CMBitMap*) 0x00007fa02a824810, (CMBitMap*) 0x00007fa02a824850
 Prev Bits: [0x0000000121368000, 0x0000000123368000)
 Next Bits: [0x0000000123368000, 0x0000000125368000)

Polling page: 0x0000000102ac5000

Metaspace:

Usage:
  Non-class:      8.39 MB used.
      Class:    829.38 KB used.
       Both:      9.20 MB used.

Virtual space:
  Non-class space:       16.00 MB reserved,       8.44 MB ( 53%) committed,  2 nodes.
      Class space:        1.00 GB reserved,     896.00 KB ( <1%) committed,  1 nodes.
             Both:        1.02 GB reserved,       9.31 MB ( <1%) committed. 

Chunk freelists:
   Non-Class:  2.72 MB
       Class:  2.96 MB
        Both:  5.68 MB

MaxMetaspaceSize: unlimited
CompressedClassSpaceSize: 1.00 GB
Initial GC threshold: 21.00 MB
Current GC threshold: 21.00 MB
CDS: off
MetaspaceReclaimPolicy: balanced
 - commit_granule_bytes: 65536.
 - commit_granule_words: 8192.
 - virtual_space_node_default_size: 1048576.
 - enlarge_chunks_in_place: 1.
 - new_chunks_are_fully_committed: 0.
 - uncommit_free_chunks: 1.
 - use_allocation_guard: 0.
 - handle_deallocations: 1.


Internal statistics:

num_allocs_failed_limit: 0.
num_arena_births: 22.
num_arena_deaths: 0.
num_vsnodes_births: 3.
num_vsnodes_deaths: 0.
num_space_committed: 149.
num_space_uncommitted: 0.
num_chunks_returned_to_freelist: 0.
num_chunks_taken_from_freelist: 61.
num_chunk_merges: 0.
num_chunk_splits: 28.
num_chunks_enlarged: 21.
num_purges: 0.
num_inconsistent_stats: 0.

CodeHeap 'non-profiled nmethods': size=120028Kb used=150Kb max_used=150Kb free=119877Kb
 bounds [0x0000000119e31000, 0x000000011a0a1000, 0x0000000121368000]
CodeHeap 'profiled nmethods': size=120028Kb used=668Kb max_used=668Kb free=119359Kb
 bounds [0x00000001128fa000, 0x0000000112b6a000, 0x0000000119e31000]
CodeHeap 'non-nmethods': size=5704Kb used=1177Kb max_used=1192Kb free=4526Kb
 bounds [0x0000000112368000, 0x00000001125d8000, 0x00000001128fa000]
 total_blobs=863 nmethods=453 adapters=325
 compilation: enabled
              stopped_count=0, restarted_count=0
 full_count=0

Compilation events (20 events):
Event: 0.497 Thread 0x00007fa02a8b0600  444       3       org.eclipse.jdt.launching.internal.org.objectweb.asm.ClassReader::getItem (7 bytes)
Event: 0.497 Thread 0x00007fa02a8b0600 nmethod 444 0x000000011299e190 code [0x000000011299e320, 0x000000011299e450]
Event: 0.497 Thread 0x00007fa02a8b0600  445       3       org.eclipse.jdt.launching.internal.org.objectweb.asm.ClassReader::readUTF8 (23 bytes)
Event: 0.497 Thread 0x00007fa02a8b0600 nmethod 445 0x000000011299e510 code [0x000000011299e6e0, 0x000000011299e930]
Event: 0.497 Thread 0x00007fa02a8b0600  446       3       org.eclipse.jdt.launching.internal.org.objectweb.asm.SymbolTable::hash (10 bytes)
Event: 0.498 Thread 0x00007fa02a8b0600 nmethod 446 0x000000011299ea10 code [0x000000011299ebc0, 0x000000011299ed00]
Event: 102.804 Thread 0x00007fa02a8b0600  447       3       org.eclipse.jdt.launching.internal.org.objectweb.asm.ClassReader::readUtf (161 bytes)
Event: 102.804 Thread 0x00007fa02a8b0000  453       4       org.eclipse.jdt.launching.internal.org.objectweb.asm.ClassReader::readUnsignedShort (26 bytes)
Event: 102.805 Thread 0x00007fa02a8b0600 nmethod 447 0x000000011299ee10 code [0x000000011299efe0, 0x000000011299f4a0]
Event: 102.805 Thread 0x00007fa02a8b0600  449       3       org.eclipse.jdt.launching.internal.org.objectweb.asm.Symbol::<init> (38 bytes)
Event: 102.805 Thread 0x00007fa02a8b0600 nmethod 449 0x000000011299f790 code [0x000000011299f940, 0x000000011299fbf0]
Event: 102.805 Thread 0x00007fa02a8b0600  450       3       org.eclipse.jdt.launching.internal.org.objectweb.asm.SymbolTable::add (39 bytes)
Event: 102.805 Thread 0x00007fa02a8b0600 nmethod 450 0x000000011299fd10 code [0x000000011299fec0, 0x00000001129a0230]
Event: 102.805 Thread 0x00007fa02a8b0600  451       3       java.lang.String::<init> (74 bytes)
Event: 102.805 Thread 0x00007fa02a8b0600 nmethod 451 0x00000001129a0390 code [0x00000001129a0580, 0x00000001129a0990]
Event: 102.805 Thread 0x00007fa02a8b0600  448       3       org.eclipse.jdt.launching.internal.org.objectweb.asm.SymbolTable$Entry::<init> (17 bytes)
Event: 102.805 Thread 0x00007fa02a8b0600 nmethod 448 0x00000001129a0a90 code [0x00000001129a0c40, 0x00000001129a0de0]
Event: 102.805 Thread 0x00007fa02a8b0600  452       3       java.lang.String::<init> (14 bytes)
Event: 102.805 Thread 0x00007fa02a8b0600 nmethod 452 0x00000001129a0e90 code [0x00000001129a1060, 0x00000001129a1270]
Event: 102.805 Thread 0x00007fa02a8b0000 nmethod 453 0x0000000119e56590 code [0x0000000119e56720, 0x0000000119e56818]

GC Heap History (0 events):
No events

Deoptimization events (20 events):
Event: 0.472 Thread 0x00007fa02c811a00 DEOPT PACKING pc=0x000000011296ef7c sp=0x0000000309974a80
Event: 0.472 Thread 0x00007fa02c811a00 DEOPT UNPACKING pc=0x00000001123ba810 sp=0x0000000309973f08 mode 0
Event: 0.473 Thread 0x00007fa02c811a00 DEOPT PACKING pc=0x000000011296ef7c sp=0x0000000309973360
Event: 0.473 Thread 0x00007fa02c811a00 DEOPT UNPACKING pc=0x00000001123ba810 sp=0x00000003099727e8 mode 0
Event: 0.474 Thread 0x00007fa02c811a00 DEOPT PACKING pc=0x000000011296ef7c sp=0x00000003099749b0
Event: 0.474 Thread 0x00007fa02c811a00 DEOPT UNPACKING pc=0x00000001123ba810 sp=0x0000000309973e38 mode 0
Event: 0.475 Thread 0x00007fa02c811a00 DEOPT PACKING pc=0x000000011296eea4 sp=0x0000000309974840
Event: 0.475 Thread 0x00007fa02c811a00 DEOPT UNPACKING pc=0x00000001123ba810 sp=0x0000000309973cc8 mode 0
Event: 0.476 Thread 0x00007fa02c811a00 DEOPT PACKING pc=0x000000011296eea4 sp=0x0000000309974a70
Event: 0.476 Thread 0x00007fa02c811a00 DEOPT UNPACKING pc=0x00000001123ba810 sp=0x0000000309973ef8 mode 0
Event: 0.478 Thread 0x00007fa02c811a00 DEOPT PACKING pc=0x000000011296eea4 sp=0x0000000309972fe0
Event: 0.478 Thread 0x00007fa02c811a00 DEOPT UNPACKING pc=0x00000001123ba810 sp=0x0000000309972468 mode 0
Event: 0.478 Thread 0x00007fa02c811a00 DEOPT PACKING pc=0x000000011296ef7c sp=0x0000000309972fe0
Event: 0.478 Thread 0x00007fa02c811a00 DEOPT UNPACKING pc=0x00000001123ba810 sp=0x0000000309972468 mode 0
Event: 0.478 Thread 0x00007fa02c811a00 DEOPT PACKING pc=0x000000011296ef7c sp=0x0000000309972fe0
Event: 0.478 Thread 0x00007fa02c811a00 DEOPT UNPACKING pc=0x00000001123ba810 sp=0x0000000309972468 mode 0
Event: 0.478 Thread 0x00007fa02c811a00 DEOPT PACKING pc=0x000000011296ef7c sp=0x0000000309972fe0
Event: 0.478 Thread 0x00007fa02c811a00 DEOPT UNPACKING pc=0x00000001123ba810 sp=0x0000000309972468 mode 0
Event: 0.478 Thread 0x00007fa02c811a00 DEOPT PACKING pc=0x000000011296ef7c sp=0x0000000309972fe0
Event: 0.478 Thread 0x00007fa02c811a00 DEOPT UNPACKING pc=0x00000001123ba810 sp=0x0000000309972468 mode 0

Classes unloaded (0 events):
No events

Classes redefined (1 events):
Event: 102.808 Thread 0x00007fa02c107c60 redefined class name=datastructures.Graph, count=1

Internal exceptions (0 events):
No events

VM Operations (20 events):
Event: 0.940 Executing VM operation: get/set locals
Event: 0.940 Executing VM operation: get/set locals done
Event: 0.940 Executing VM operation: get/set locals
Event: 0.940 Executing VM operation: get/set locals done
Event: 2.312 Executing VM operation: get/set locals
Event: 2.312 Executing VM operation: get/set locals done
Event: 2.314 Executing VM operation: get/set locals
Event: 2.314 Executing VM operation: get/set locals done
Event: 2.337 Executing VM operation: get/set locals
Event: 2.337 Executing VM operation: get/set locals done
Event: 2.337 Executing VM operation: get/set locals
Event: 2.337 Executing VM operation: get/set locals done
Event: 2.567 Executing VM operation: get/set locals
Event: 2.567 Executing VM operation: get/set locals done
Event: 2.569 Executing VM operation: get/set locals
Event: 2.569 Executing VM operation: get/set locals done
Event: 102.807 Executing VM operation: RedefineClasses
Event: 102.809 Executing VM operation: RedefineClasses done
Event: 102.821 Executing VM operation: ChangeBreakpoints
Event: 102.821 Executing VM operation: ChangeBreakpoints done

Events (20 events):
Event: 0.469 loading class java/lang/TypeNotPresentException
Event: 0.469 loading class java/lang/TypeNotPresentException done
Event: 0.479 loading class java/lang/IllegalStateException
Event: 0.479 loading class java/lang/IllegalStateException done
Event: 0.486 loading class java/nio/charset/CoderResult
Event: 0.486 loading class java/nio/charset/CoderResult done
Event: 0.487 loading class java/lang/invoke/MethodHandleImpl$AsVarargsCollector
Event: 0.487 loading class java/lang/invoke/MethodHandleImpl$AsVarargsCollector done
Event: 0.490 loading class java/lang/invoke/BoundMethodHandle$Species_LL
Event: 0.490 loading class java/lang/invoke/BoundMethodHandle$Species_LL done
Event: 0.492 loading class java/lang/invoke/BoundMethodHandle$Species_LLL
Event: 0.493 loading class java/lang/invoke/BoundMethodHandle$Species_LLL done
Event: 0.494 loading class java/lang/Long$LongCache
Event: 0.494 loading class java/lang/Long$LongCache done
Event: 0.494 loading class java/lang/invoke/MethodHandles$1
Event: 0.494 loading class java/lang/invoke/MethodHandles$1 done
Event: 0.494 loading class java/lang/invoke/BoundMethodHandle$Species_LJ
Event: 0.494 loading class java/lang/invoke/BoundMethodHandle$Species_LJ done
Event: 0.494 loading class java/lang/invoke/BoundMethodHandle$Species_LLLL
Event: 0.494 loading class java/lang/invoke/BoundMethodHandle$Species_LLLL done


Dynamic libraries:
0x000000010b0f5000 	/Users/puderjasket/.p2/pool/plugins/org.eclipse.justj.openjdk.hotspot.jre.full.macosx.x86_64_17.0.3.v20220515-1416/jre/lib/libjli.dylib
0x00007ff81511d000 	/usr/lib/libz.1.dylib
0x00007ff815203000 	/usr/lib/libSystem.B.dylib
0x00007ff8151fe000 	/usr/lib/system/libcache.dylib
0x00007ff8151ba000 	/usr/lib/system/libcommonCrypto.dylib
0x00007ff8151e3000 	/usr/lib/system/libcompiler_rt.dylib
0x00007ff8151d9000 	/usr/lib/system/libcopyfile.dylib
0x00007ff809da5000 	/usr/lib/system/libcorecrypto.dylib
0x00007ff809e63000 	/usr/lib/system/libdispatch.dylib
0x00007ff80a023000 	/usr/lib/system/libdyld.dylib
0x00007ff8151f5000 	/usr/lib/system/libkeymgr.dylib
0x00007ff815198000 	/usr/lib/system/libmacho.dylib
0x00007ff814813000 	/usr/lib/system/libquarantine.dylib
0x00007ff8151f3000 	/usr/lib/system/libremovefile.dylib
0x00007ff80eeed000 	/usr/lib/system/libsystem_asl.dylib
0x00007ff809d4e000 	/usr/lib/system/libsystem_blocks.dylib
0x00007ff809ee7000 	/usr/lib/system/libsystem_c.dylib
0x00007ff8151eb000 	/usr/lib/system/libsystem_collections.dylib
0x00007ff813b45000 	/usr/lib/system/libsystem_configuration.dylib
0x00007ff812dee000 	/usr/lib/system/libsystem_containermanager.dylib
0x00007ff814eca000 	/usr/lib/system/libsystem_coreservices.dylib
0x00007ff80c591000 	/usr/lib/system/libsystem_darwin.dylib
0x00007ff8151f6000 	/usr/lib/system/libsystem_dnssd.dylib
0x00007ff809ee4000 	/usr/lib/system/libsystem_featureflags.dylib
0x00007ff80a039000 	/usr/lib/system/libsystem_info.dylib
0x00007ff815130000 	/usr/lib/system/libsystem_m.dylib
0x00007ff809e37000 	/usr/lib/system/libsystem_malloc.dylib
0x00007ff80ee88000 	/usr/lib/system/libsystem_networkextension.dylib
0x00007ff80c9b7000 	/usr/lib/system/libsystem_notify.dylib
0x00007ff81b52d000 	/usr/lib/system/libsystem_product_info_filter.dylib
0x00007ff813b49000 	/usr/lib/system/libsystem_sandbox.dylib
0x00007ff8151f0000 	/usr/lib/system/libsystem_secinit.dylib
0x00007ff809fdf000 	/usr/lib/system/libsystem_kernel.dylib
0x00007ff80a02f000 	/usr/lib/system/libsystem_platform.dylib
0x00007ff80a017000 	/usr/lib/system/libsystem_pthread.dylib
0x00007ff8107a7000 	/usr/lib/system/libsystem_symptoms.dylib
0x00007ff809d8c000 	/usr/lib/system/libsystem_trace.dylib
0x00007ff8151c6000 	/usr/lib/system/libunwind.dylib
0x00007ff809d50000 	/usr/lib/system/libxpc.dylib
0x00007ff809fc9000 	/usr/lib/libc++abi.dylib
0x00007ff809eaa000 	/usr/lib/libobjc.A.dylib
0x00007ff8151d1000 	/usr/lib/liboah.dylib
0x00007ff809f70000 	/usr/lib/libc++.1.dylib
0x00007ff82132e000 	/System/Library/Frameworks/Cocoa.framework/Versions/A/Cocoa
0x00007ff80ca15000 	/System/Library/Frameworks/AppKit.framework/Versions/C/AppKit
0x00007ff80ff86000 	/System/Library/Frameworks/CoreData.framework/Versions/A/CoreData
0x00007ff80ae19000 	/System/Library/Frameworks/Foundation.framework/Versions/C/Foundation
0x00007ff80d8a4000 	/System/Library/PrivateFrameworks/UIFoundation.framework/Versions/A/UIFoundation
0x00007ff81b230000 	/System/Library/PrivateFrameworks/RemoteViewServices.framework/Versions/A/RemoteViewServices
0x00007ff8134cf000 	/System/Library/PrivateFrameworks/XCTTargetBootstrap.framework/Versions/A/XCTTargetBootstrap
0x00007ff8170c8000 	/System/Library/PrivateFrameworks/InternationalSupport.framework/Versions/A/InternationalSupport
0x00007ff817152000 	/System/Library/PrivateFrameworks/UserActivity.framework/Versions/A/UserActivity
0x00007ff8164ac000 	/usr/lib/libspindump.dylib
0x00007ff80db32000 	/System/Library/Frameworks/UniformTypeIdentifiers.framework/Versions/A/UniformTypeIdentifiers
0x00007ff811bf4000 	/usr/lib/libapp_launch_measurement.dylib
0x00007ff810967000 	/System/Library/PrivateFrameworks/CoreAnalytics.framework/Versions/A/CoreAnalytics
0x00007ff811bf7000 	/System/Library/PrivateFrameworks/CoreAutoLayout.framework/Versions/A/CoreAutoLayout
0x00007ff812e26000 	/System/Library/Frameworks/Metal.framework/Versions/A/Metal
0x00007ff813b55000 	/usr/lib/liblangid.dylib
0x00007ff8134d4000 	/System/Library/PrivateFrameworks/CoreSVG.framework/Versions/A/CoreSVG
0x00007ff80ef1d000 	/System/Library/PrivateFrameworks/SkyLight.framework/Versions/A/SkyLight
0x00007ff80f2bb000 	/System/Library/Frameworks/CoreGraphics.framework/Versions/A/CoreGraphics
0x00007ff81b8f0000 	/System/Library/Frameworks/Accelerate.framework/Versions/A/Accelerate
0x00007ff815f2b000 	/System/Library/PrivateFrameworks/IconServices.framework/Versions/A/IconServices
0x00007ff812e0b000 	/System/Library/Frameworks/IOSurface.framework/Versions/A/IOSurface
0x00007ff810995000 	/usr/lib/libDiagnosticMessagesClient.dylib
0x00007ff81efd2000 	/System/Library/Frameworks/ApplicationServices.framework/Versions/A/ApplicationServices
0x00007ff8134bb000 	/System/Library/PrivateFrameworks/DFRFoundation.framework/Versions/A/DFRFoundation
0x00007ff80c2fd000 	/usr/lib/libicucore.A.dylib
0x00007ff817ebd000 	/System/Library/Frameworks/AudioToolbox.framework/Versions/A/AudioToolbox
0x00007ff8170d4000 	/System/Library/PrivateFrameworks/DataDetectorsCore.framework/Versions/A/DataDetectorsCore
0x00007ff91332e000 	/System/Library/PrivateFrameworks/TextInput.framework/Versions/A/TextInput
0x00007ff80eea0000 	/usr/lib/libMobileGestalt.dylib
0x00007ff8131c7000 	/System/Library/Frameworks/Carbon.framework/Versions/A/Frameworks/HIToolbox.framework/Versions/A/HIToolbox
0x00007ff8115fa000 	/System/Library/Frameworks/QuartzCore.framework/Versions/A/QuartzCore
0x00007ff80bfa2000 	/System/Library/Frameworks/Security.framework/Versions/A/Security
0x00007ff81b268000 	/System/Library/Frameworks/Carbon.framework/Versions/A/Frameworks/SpeechRecognition.framework/Versions/A/SpeechRecognition
0x00007ff811954000 	/System/Library/PrivateFrameworks/CoreUI.framework/Versions/A/CoreUI
0x00007ff80b86d000 	/System/Library/Frameworks/CoreAudio.framework/Versions/A/CoreAudio
0x00007ff810a84000 	/System/Library/Frameworks/DiskArbitration.framework/Versions/A/DiskArbitration
0x00007ff816898000 	/System/Library/PrivateFrameworks/MultitouchSupport.framework/Versions/A/MultitouchSupport
0x00007ff80ee9f000 	/usr/lib/libenergytrace.dylib
0x00007ff80c901000 	/System/Library/Frameworks/IOKit.framework/Versions/A/IOKit
0x00007ff81b658000 	/System/Library/Frameworks/CoreServices.framework/Versions/A/CoreServices
0x00007ff811b8e000 	/System/Library/PrivateFrameworks/PerformanceAnalysis.framework/Versions/A/PerformanceAnalysis
0x00007ffa22e07000 	/System/Library/Frameworks/OpenGL.framework/Versions/A/OpenGL
0x00007ff814739000 	/System/Library/PrivateFrameworks/MobileKeyBag.framework/Versions/A/MobileKeyBag
0x00007ff80f9e5000 	/System/Library/Frameworks/ColorSync.framework/Versions/A/ColorSync
0x00007ff80a064000 	/System/Library/Frameworks/CoreFoundation.framework/Versions/A/CoreFoundation
0x00007ff81374b000 	/System/Library/Frameworks/CoreImage.framework/Versions/A/CoreImage
0x00007ff80b681000 	/System/Library/Frameworks/CoreText.framework/Versions/A/CoreText
0x00007ff813504000 	/System/Library/Frameworks/ImageIO.framework/Versions/A/ImageIO
0x00007ff815209000 	/System/Library/PrivateFrameworks/SoftLinking.framework/Versions/A/SoftLinking
0x00007ff811c3f000 	/usr/lib/libxml2.2.dylib
0x00007ff81548a000 	/usr/lib/libcompression.dylib
0x00007ff816ffb000 	/System/Library/PrivateFrameworks/TextureIO.framework/Versions/A/TextureIO
0x00007ff815ba4000 	/usr/lib/libate.dylib
0x00007ff815962000 	/usr/lib/liblzma.5.dylib
0x00007ff80ab28000 	/System/Library/Frameworks/SystemConfiguration.framework/Versions/A/SystemConfiguration
0x00007ff815205000 	/usr/lib/libfakelink.dylib
0x00007ff80e9f9000 	/System/Library/Frameworks/CFNetwork.framework/Versions/A/CFNetwork
0x00007ff815346000 	/usr/lib/libarchive.2.dylib
0x00007ff813b51000 	/System/Library/PrivateFrameworks/AppleSystemInfo.framework/Versions/A/AppleSystemInfo
0x00007ff81483a000 	/usr/lib/libbsm.0.dylib
0x00007ff80e008000 	/usr/lib/libnetwork.dylib
0x00007ff81519e000 	/usr/lib/system/libkxld.dylib
0x00007ff81446d000 	/System/Library/PrivateFrameworks/IOMobileFramebuffer.framework/Versions/A/IOMobileFramebuffer
0x00007ffb22727000 	/usr/lib/libCoreEntitlements.dylib
0x00007ff814eac000 	/System/Library/PrivateFrameworks/AppleFSCompression.framework/Versions/A/AppleFSCompression
0x00007ff814822000 	/usr/lib/libcoretls.dylib
0x00007ff81597c000 	/usr/lib/libcoretls_cfhelpers.dylib
0x00007ff815485000 	/usr/lib/libpam.2.dylib
0x00007ff8103ca000 	/usr/lib/libsqlite3.dylib
0x00007ff8159eb000 	/usr/lib/libxar.1.dylib
0x00007ff814ebc000 	/usr/lib/libbz2.1.0.dylib
0x00007ff81520a000 	/usr/lib/libpcap.A.dylib
0x00007ff81079f000 	/usr/lib/libdns_services.dylib
0x00007ff815458000 	/usr/lib/libapple_nghttp2.dylib
0x00007ff815244000 	/usr/lib/libiconv.2.dylib
0x00007ff815197000 	/usr/lib/libcharset.1.dylib
0x00007ff811bc2000 	/System/Library/Frameworks/CoreServices.framework/Versions/A/Frameworks/FSEvents.framework/Versions/A/FSEvents
0x00007ff80c59b000 	/System/Library/Frameworks/CoreServices.framework/Versions/A/Frameworks/CarbonCore.framework/Versions/A/CarbonCore
0x00007ff8109e8000 	/System/Library/Frameworks/CoreServices.framework/Versions/A/Frameworks/Metadata.framework/Versions/A/Metadata
0x00007ff814ecf000 	/System/Library/Frameworks/CoreServices.framework/Versions/A/Frameworks/OSServices.framework/Versions/A/OSServices
0x00007ff8153cd000 	/System/Library/Frameworks/CoreServices.framework/Versions/A/Frameworks/SearchKit.framework/Versions/A/SearchKit
0x00007ff810732000 	/System/Library/Frameworks/CoreServices.framework/Versions/A/Frameworks/AE.framework/Versions/A/AE
0x00007ff80a565000 	/System/Library/Frameworks/CoreServices.framework/Versions/A/Frameworks/LaunchServices.framework/Versions/A/LaunchServices
0x00007ff815913000 	/System/Library/Frameworks/CoreServices.framework/Versions/A/Frameworks/DictionaryServices.framework/Versions/A/DictionaryServices
0x00007ff811bcf000 	/System/Library/Frameworks/CoreServices.framework/Versions/A/Frameworks/SharedFileList.framework/Versions/A/SharedFileList
0x00007ff814816000 	/usr/lib/libCheckFix.dylib
0x00007ff80ef04000 	/System/Library/PrivateFrameworks/TCC.framework/Versions/A/TCC
0x00007ff813b57000 	/System/Library/PrivateFrameworks/CoreNLP.framework/Versions/A/CoreNLP
0x00007ff810998000 	/System/Library/PrivateFrameworks/MetadataUtilities.framework/Versions/A/MetadataUtilities
0x00007ff80abdc000 	/usr/lib/libmecabra.dylib
0x00007ff81484a000 	/usr/lib/libmecab.dylib
0x00007ff80aba7000 	/usr/lib/libCRFSuite.dylib
0x00007ff8148a4000 	/usr/lib/libgermantok.dylib
0x00007ff815433000 	/usr/lib/libThaiTokenizer.dylib
0x00007ff810a8b000 	/System/Library/Frameworks/Accelerate.framework/Versions/A/Frameworks/vImage.framework/Versions/A/vImage
0x00007ff81b62f000 	/System/Library/Frameworks/Accelerate.framework/Versions/A/Frameworks/vecLib.framework/Versions/A/vecLib
0x00007ff815a2c000 	/System/Library/Frameworks/Accelerate.framework/Versions/A/Frameworks/vecLib.framework/Versions/A/libvMisc.dylib
0x00007ff81426c000 	/System/Library/Frameworks/Accelerate.framework/Versions/A/Frameworks/vecLib.framework/Versions/A/libvDSP.dylib
0x00007ff80a8e0000 	/System/Library/Frameworks/Accelerate.framework/Versions/A/Frameworks/vecLib.framework/Versions/A/libBLAS.dylib
0x00007ff815568000 	/System/Library/Frameworks/Accelerate.framework/Versions/A/Frameworks/vecLib.framework/Versions/A/libLAPACK.dylib
0x00007ff8148a7000 	/System/Library/Frameworks/Accelerate.framework/Versions/A/Frameworks/vecLib.framework/Versions/A/libLinearAlgebra.dylib
0x00007ff815470000 	/System/Library/Frameworks/Accelerate.framework/Versions/A/Frameworks/vecLib.framework/Versions/A/libSparseBLAS.dylib
0x00007ff815562000 	/System/Library/Frameworks/Accelerate.framework/Versions/A/Frameworks/vecLib.framework/Versions/A/libQuadrature.dylib
0x00007ff813c42000 	/System/Library/Frameworks/Accelerate.framework/Versions/A/Frameworks/vecLib.framework/Versions/A/libBNNS.dylib
0x00007ff80aab2000 	/System/Library/Frameworks/Accelerate.framework/Versions/A/Frameworks/vecLib.framework/Versions/A/libSparse.dylib
0x00007ff813c3b000 	/System/Library/PrivateFrameworks/LinguisticData.framework/Versions/A/LinguisticData
0x00007ff80aa68000 	/System/Library/PrivateFrameworks/Lexicon.framework/Versions/A/Lexicon
0x00007ff815a25000 	/usr/lib/libChineseTokenizer.dylib
0x00007ff80b1d6000 	/System/Library/PrivateFrameworks/LanguageModeling.framework/Versions/A/LanguageModeling
0x00007ff815435000 	/System/Library/PrivateFrameworks/AppleSauce.framework/Versions/A/AppleSauce
0x00007ff81445b000 	/System/Library/PrivateFrameworks/CoreEmoji.framework/Versions/A/CoreEmoji
0x00007ff815335000 	/usr/lib/libcmph.dylib
0x00007ff811ba6000 	/System/Library/Frameworks/OpenDirectory.framework/Versions/A/Frameworks/CFOpenDirectory.framework/Versions/A/CFOpenDirectory
0x00007ff811b9a000 	/System/Library/Frameworks/OpenDirectory.framework/Versions/A/OpenDirectory
0x00007ff81597e000 	/System/Library/PrivateFrameworks/APFS.framework/Versions/A/APFS
0x00007ff814771000 	/System/Library/Frameworks/SecurityFoundation.framework/Versions/A/SecurityFoundation
0x00007ff8159f9000 	/usr/lib/libutil.dylib
0x00007ff80c8c5000 	/System/Library/PrivateFrameworks/CoreServicesStore.framework/Versions/A/CoreServicesStore
0x00007ff8159fd000 	/usr/lib/libxslt.1.dylib
0x00007ff8147fe000 	/System/Library/PrivateFrameworks/BackgroundTaskManagement.framework/Versions/A/BackgroundTaskManagement
0x00007ff816f1c000 	/System/Library/Frameworks/ImageIO.framework/Versions/A/Resources/libRadiance.dylib
0x00007ff816f25000 	/System/Library/Frameworks/ImageIO.framework/Versions/A/Resources/libJPEG.dylib
0x00007ff816e77000 	/System/Library/Frameworks/ImageIO.framework/Versions/A/Resources/libPng.dylib
0x00007ff816e98000 	/System/Library/Frameworks/ImageIO.framework/Versions/A/Resources/libTIFF.dylib
0x00007ff816f84000 	/System/Library/Frameworks/ImageIO.framework/Versions/A/Resources/libGIF.dylib
0x00007ff8167b4000 	/System/Library/Frameworks/ImageIO.framework/Versions/A/Resources/libJP2.dylib
0x00007ff815ef2000 	/usr/lib/libexpat.1.dylib
0x00007ff816769000 	/System/Library/PrivateFrameworks/AppleJPEG.framework/Versions/A/AppleJPEG
0x00007ff81308b000 	/System/Library/PrivateFrameworks/FontServices.framework/libFontParser.dylib
0x00007ff8106dc000 	/System/Library/PrivateFrameworks/RunningBoardServices.framework/Versions/A/RunningBoardServices
0x00007ff8218e9000 	/System/Library/PrivateFrameworks/IOSurfaceAccelerator.framework/Versions/A/IOSurfaceAccelerator
0x00007ff816894000 	/System/Library/PrivateFrameworks/WatchdogClient.framework/Versions/A/WatchdogClient
0x00007ff80b2c4000 	/System/Library/Frameworks/CoreDisplay.framework/Versions/A/CoreDisplay
0x00007ff812f89000 	/System/Library/Frameworks/CoreMedia.framework/Versions/A/CoreMedia
0x00007ff812e1d000 	/System/Library/PrivateFrameworks/IOAccelerator.framework/Versions/A/IOAccelerator
0x00007ff811d23000 	/System/Library/Frameworks/CoreVideo.framework/Versions/A/CoreVideo
0x00007ff815483000 	/System/Library/Frameworks/MetalPerformanceShaders.framework/Versions/A/MetalPerformanceShaders
0x00007ff8168d1000 	/System/Library/Frameworks/VideoToolbox.framework/Versions/A/VideoToolbox
0x00007ff810626000 	/System/Library/PrivateFrameworks/BaseBoard.framework/Versions/A/BaseBoard
0x00007ff8103b0000 	/System/Library/PrivateFrameworks/ProtocolBuffer.framework/Versions/A/ProtocolBuffer
0x00007ff816f15000 	/System/Library/PrivateFrameworks/GPUWrangler.framework/Versions/A/GPUWrangler
0x00007ff816ef9000 	/System/Library/PrivateFrameworks/IOPresentment.framework/Versions/A/IOPresentment
0x00007ff816f1f000 	/System/Library/PrivateFrameworks/DSExternalDisplay.framework/Versions/A/DSExternalDisplay
0x00007ffa22dfb000 	/System/Library/Frameworks/OpenGL.framework/Versions/A/Libraries/libCoreFSCache.dylib
0x00007ffb0fe4b000 	/System/Library/PrivateFrameworks/GPUCompiler.framework/Versions/31001/Libraries/libGPUCompilerUtils.dylib
0x00007ff816f89000 	/System/Library/PrivateFrameworks/CMCaptureCore.framework/Versions/A/CMCaptureCore
0x00007ff81649a000 	/System/Library/PrivateFrameworks/AppServerSupport.framework/Versions/A/AppServerSupport
0x00007ff818755000 	/System/Library/PrivateFrameworks/perfdata.framework/Versions/A/perfdata
0x00007ff80b3f0000 	/System/Library/PrivateFrameworks/AudioToolboxCore.framework/Versions/A/AudioToolboxCore
0x00007ff812f67000 	/System/Library/PrivateFrameworks/caulk.framework/Versions/A/caulk
0x00007ff818067000 	/usr/lib/libAudioStatistics.dylib
0x00007ff90face000 	/System/Library/PrivateFrameworks/SystemPolicy.framework/Versions/A/SystemPolicy
0x00007ff8182c2000 	/usr/lib/libSMC.dylib
0x00007ff8211e1000 	/System/Library/Frameworks/CoreMIDI.framework/Versions/A/CoreMIDI
0x00007ff816e46000 	/usr/lib/libAudioToolboxUtility.dylib
0x00007ff90bd03000 	/System/Library/PrivateFrameworks/OSAServicesClient.framework/Versions/A/OSAServicesClient
0x00007ff818762000 	/usr/lib/libperfcheck.dylib
0x00007ff91057b000 	/usr/lib/libmis.dylib
0x00007ffa22e56000 	/System/Library/Frameworks/OpenGL.framework/Versions/A/Libraries/libGLU.dylib
0x00007ffa22e1a000 	/System/Library/Frameworks/OpenGL.framework/Versions/A/Libraries/libGFXShared.dylib
0x00007ffa23023000 	/System/Library/Frameworks/OpenGL.framework/Versions/A/Libraries/libGL.dylib
0x00007ffa22e23000 	/System/Library/Frameworks/OpenGL.framework/Versions/A/Libraries/libGLImage.dylib
0x00007ffa22e17000 	/System/Library/Frameworks/OpenGL.framework/Versions/A/Libraries/libCVMSPluginSupport.dylib
0x00007ffa22e02000 	/System/Library/Frameworks/OpenGL.framework/Versions/A/Libraries/libCoreVMClient.dylib
0x00007ff813ad3000 	/System/Library/Frameworks/MetalPerformanceShaders.framework/Versions/A/Frameworks/MPSCore.framework/Versions/A/MPSCore
0x00007ff814e17000 	/System/Library/Frameworks/MetalPerformanceShaders.framework/Versions/A/Frameworks/MPSImage.framework/Versions/A/MPSImage
0x00007ff8148bd000 	/System/Library/Frameworks/MetalPerformanceShaders.framework/Versions/A/Frameworks/MPSNeuralNetwork.framework/Versions/A/MPSNeuralNetwork
0x00007ff814d31000 	/System/Library/Frameworks/MetalPerformanceShaders.framework/Versions/A/Frameworks/MPSMatrix.framework/Versions/A/MPSMatrix
0x00007ff814aec000 	/System/Library/Frameworks/MetalPerformanceShaders.framework/Versions/A/Frameworks/MPSRayIntersector.framework/Versions/A/MPSRayIntersector
0x00007ff814d69000 	/System/Library/Frameworks/MetalPerformanceShaders.framework/Versions/A/Frameworks/MPSNDArray.framework/Versions/A/MPSNDArray
0x00007ffa2885b000 	/System/Library/Frameworks/MetalPerformanceShaders.framework/Versions/A/Frameworks/MPSFunctions.framework/Versions/A/MPSFunctions
0x00007ff80a7bc000 	/System/Library/PrivateFrameworks/MetalTools.framework/Versions/A/MetalTools
0x00007ff813b4f000 	/System/Library/PrivateFrameworks/AggregateDictionary.framework/Versions/A/AggregateDictionary
0x00007ff815cd4000 	/usr/lib/libIOReport.dylib
0x00007ffa24432000 	/System/Library/Frameworks/OpenCL.framework/Versions/A/OpenCL
0x00007ff816038000 	/System/Library/PrivateFrameworks/FaceCore.framework/Versions/A/FaceCore
0x00007ff816029000 	/System/Library/PrivateFrameworks/GraphVisualizer.framework/Versions/A/GraphVisualizer
0x00007ffb0fd56000 	/System/Library/PrivateFrameworks/FontServices.framework/Versions/A/FontServices
0x00007ff816452000 	/System/Library/PrivateFrameworks/OTSVG.framework/Versions/A/OTSVG
0x00007ff81190a000 	/System/Library/Frameworks/ApplicationServices.framework/Versions/A/Frameworks/ATS.framework/Versions/A/Resources/libFontRegistry.dylib
0x00007ff8164a2000 	/System/Library/PrivateFrameworks/FontServices.framework/libhvf.dylib
0x00007ffb0fd57000 	/System/Library/PrivateFrameworks/FontServices.framework/libXTFontStaticRegistryData.dylib
0x00007ff815ea2000 	/System/Library/PrivateFrameworks/AppleVA.framework/Versions/A/AppleVA
0x00007ff818087000 	/System/Library/Frameworks/ApplicationServices.framework/Versions/A/Frameworks/ATS.framework/Versions/A/ATS
0x00007ff80fae3000 	/System/Library/Frameworks/ApplicationServices.framework/Versions/A/Frameworks/HIServices.framework/Versions/A/HIServices
0x00007ff816f93000 	/System/Library/Frameworks/ApplicationServices.framework/Versions/A/Frameworks/PrintCore.framework/Versions/A/PrintCore
0x00007ff818415000 	/System/Library/Frameworks/ApplicationServices.framework/Versions/A/Frameworks/QD.framework/Versions/A/QD
0x00007ff81840d000 	/System/Library/Frameworks/ApplicationServices.framework/Versions/A/Frameworks/ColorSyncLegacy.framework/Versions/A/ColorSyncLegacy
0x00007ff818077000 	/System/Library/Frameworks/ApplicationServices.framework/Versions/A/Frameworks/SpeechSynthesis.framework/Versions/A/SpeechSynthesis
0x00007ff816f54000 	/System/Library/Frameworks/ApplicationServices.framework/Versions/A/Frameworks/ATSUI.framework/Versions/A/ATSUI
0x00007ff8183a2000 	/usr/lib/libcups.2.dylib
0x00007ff818771000 	/System/Library/Frameworks/Kerberos.framework/Versions/A/Kerberos
0x00007ff818780000 	/System/Library/Frameworks/GSS.framework/Versions/A/GSS
0x00007ff8180f3000 	/usr/lib/libresolv.9.dylib
0x00007ff8164b1000 	/System/Library/PrivateFrameworks/Heimdal.framework/Versions/A/Heimdal
0x00007ff81f364000 	/System/Library/Frameworks/Kerberos.framework/Versions/A/Libraries/libHeimdalProxy.dylib
0x00007ff8107af000 	/System/Library/Frameworks/Network.framework/Versions/A/Network
0x00007ff815f0c000 	/usr/lib/libheimdal-asn1.dylib
0x00007ff8187cb000 	/System/Library/PrivateFrameworks/CommonAuth.framework/Versions/A/CommonAuth
0x00007ff817ff9000 	/System/Library/PrivateFrameworks/AudioSession.framework/Versions/A/AudioSession
0x00007ff815f9c000 	/System/Library/PrivateFrameworks/MediaExperience.framework/Versions/A/MediaExperience
0x00007ff817e8c000 	/System/Library/PrivateFrameworks/AudioSession.framework/libSessionUtility.dylib
0x00007ff818421000 	/System/Library/PrivateFrameworks/AudioResourceArbitration.framework/Versions/A/AudioResourceArbitration
0x00007ff81c4a2000 	/System/Library/PrivateFrameworks/PowerLog.framework/Versions/A/PowerLog
0x00007ff815f15000 	/System/Library/PrivateFrameworks/IconFoundation.framework/Versions/A/IconFoundation
0x00007ff81b258000 	/System/Library/PrivateFrameworks/SpeechRecognitionCore.framework/Versions/A/SpeechRecognitionCore
0x00007ffa1509f000 	/System/Library/CoreServices/Encodings/libSimplifiedChineseConverter.dylib
0x000000010c286000 	/Users/puderjasket/.p2/pool/plugins/org.eclipse.justj.openjdk.hotspot.jre.full.macosx.x86_64_17.0.3.v20220515-1416/jre/lib/server/libjvm.dylib
0x000000010b193000 	/Users/puderjasket/.p2/pool/plugins/org.eclipse.justj.openjdk.hotspot.jre.full.macosx.x86_64_17.0.3.v20220515-1416/jre/lib/libjimage.dylib
0x000000010b1f0000 	/Users/puderjasket/.p2/pool/plugins/org.eclipse.justj.openjdk.hotspot.jre.full.macosx.x86_64_17.0.3.v20220515-1416/jre/lib/libjdwp.dylib
0x000000010b29c000 	/Users/puderjasket/.p2/pool/plugins/org.eclipse.justj.openjdk.hotspot.jre.full.macosx.x86_64_17.0.3.v20220515-1416/jre/lib/libjava.dylib
0x000000010b1ae000 	/Users/puderjasket/.p2/pool/plugins/org.eclipse.justj.openjdk.hotspot.jre.full.macosx.x86_64_17.0.3.v20220515-1416/jre/lib/libinstrument.dylib
0x000000010c1c6000 	/Users/puderjasket/.p2/pool/plugins/org.eclipse.justj.openjdk.hotspot.jre.full.macosx.x86_64_17.0.3.v20220515-1416/jre/lib/libzip.dylib
0x000000012990a000 	/Users/puderjasket/.p2/pool/plugins/org.eclipse.justj.openjdk.hotspot.jre.full.macosx.x86_64_17.0.3.v20220515-1416/jre/lib/libdt_socket.dylib
0x00000001299be000 	/Users/puderjasket/.p2/pool/plugins/org.eclipse.justj.openjdk.hotspot.jre.full.macosx.x86_64_17.0.3.v20220515-1416/jre/lib/libnio.dylib
0x00000001299f0000 	/Users/puderjasket/.p2/pool/plugins/org.eclipse.justj.openjdk.hotspot.jre.full.macosx.x86_64_17.0.3.v20220515-1416/jre/lib/libnet.dylib
0x0000000129ac1000 	/Users/puderjasket/.p2/pool/plugins/org.eclipse.justj.openjdk.hotspot.jre.full.macosx.x86_64_17.0.3.v20220515-1416/jre/lib/libverify.dylib


VM Arguments:
jvm_args: -XX:+ShowCodeDetailsInExceptionMessages -agentlib:jdwp=transport=dt_socket,suspend=y,address=localhost:53813 -javaagent:/Users/puderjasket/eclipse/java-2025-03/Eclipse.app/Contents/Eclipse/configuration/org.eclipse.osgi/245/0/.cp/lib/javaagent-shaded.jar -Dfile.encoding=UTF-8 -Dstdout.encoding=UTF-8 -Dstderr.encoding=UTF-8 
java_command: datastructures.Graph
java_class_path (initial): /Users/puderjasket/eclipse-workspace/algorithm/bin
Launcher Type: SUN_STANDARD

[Global flags]
     intx CICompilerCount                          = 4                                         {product} {ergonomic}
     uint ConcGCThreads                            = 2                                         {product} {ergonomic}
     uint G1ConcRefinementThreads                  = 8                                         {product} {ergonomic}
   size_t G1HeapRegionSize                         = 1048576                                   {product} {ergonomic}
    uintx GCDrainStackTargetSize                   = 64                                        {product} {ergonomic}
   size_t InitialHeapSize                          = 134217728                                 {product} {ergonomic}
   size_t MarkStackSize                            = 4194304                                   {product} {ergonomic}
   size_t MaxHeapSize                              = 2147483648                                {product} {ergonomic}
   size_t MaxNewSize                               = 1287651328                                {product} {ergonomic}
   size_t MinHeapDeltaBytes                        = 1048576                                   {product} {ergonomic}
   size_t MinHeapSize                              = 8388608                                   {product} {ergonomic}
    uintx NonNMethodCodeHeapSize                   = 5839372                                {pd product} {ergonomic}
    uintx NonProfiledCodeHeapSize                  = 122909434                              {pd product} {ergonomic}
    uintx ProfiledCodeHeapSize                     = 122909434                              {pd product} {ergonomic}
    uintx ReservedCodeCacheSize                    = 251658240                              {pd product} {ergonomic}
     bool SegmentedCodeCache                       = true                                      {product} {ergonomic}
     bool ShowCodeDetailsInExceptionMessages       = true                                   {manageable} {command line}
   size_t SoftMaxHeapSize                          = 2147483648                             {manageable} {ergonomic}
     bool UseCompressedClassPointers               = true                           {product lp64_product} {ergonomic}
     bool UseCompressedOops                        = true                           {product lp64_product} {ergonomic}
     bool UseG1GC                                  = true                                      {product} {ergonomic}
     bool UseNUMA                                  = false                                     {product} {ergonomic}
     bool UseNUMAInterleaving                      = false                                     {product} {ergonomic}

Logging:
Log output configuration:
 #0: stdout all=warning uptime,level,tags
 #1: stderr all=off uptime,level,tags

Environment Variables:
PATH=/usr/bin:/bin:/usr/sbin:/sbin
SHELL=/bin/zsh

Signal Handlers:
   SIGSEGV: _ZL13crash_handleriP9__siginfoPv in libjvm.dylib, mask=11100110100111111111111111111111, flags=SA_RESTART|SA_SIGINFO
    SIGBUS: _ZL13crash_handleriP9__siginfoPv in libjvm.dylib, mask=11100110100111111111111111111111, flags=SA_RESTART|SA_SIGINFO
    SIGFPE: _ZL13crash_handleriP9__siginfoPv in libjvm.dylib, mask=11100110100111111111111111111111, flags=SA_RESTART|SA_SIGINFO
   SIGPIPE: _ZL17javaSignalHandleriP9__siginfoPv in libjvm.dylib, mask=11100110100111111111111111111111, flags=SA_RESTART|SA_SIGINFO
   SIGXFSZ: _ZL17javaSignalHandleriP9__siginfoPv in libjvm.dylib, mask=11100110100111111111111111111111, flags=SA_RESTART|SA_SIGINFO
    SIGILL: _ZL13crash_handleriP9__siginfoPv in libjvm.dylib, mask=11100110100111111111111111111111, flags=SA_RESTART|SA_SIGINFO
   SIGUSR2: _ZL10SR_handleriP9__siginfoP17__darwin_ucontext in libjvm.dylib, mask=00000000000000000000000000000000, flags=SA_RESTART|SA_SIGINFO
    SIGHUP: _ZL11UserHandleriPvS_ in libjvm.dylib, mask=11100110100111111111111111111111, flags=SA_RESTART|SA_SIGINFO
    SIGINT: _ZL11UserHandleriPvS_ in libjvm.dylib, mask=11100110100111111111111111111111, flags=SA_RESTART|SA_SIGINFO
   SIGTERM: _ZL11UserHandleriPvS_ in libjvm.dylib, mask=11100110100111111111111111111111, flags=SA_RESTART|SA_SIGINFO
   SIGQUIT: _ZL11UserHandleriPvS_ in libjvm.dylib, mask=11100110100111111111111111111111, flags=SA_RESTART|SA_SIGINFO
  *** Handler was modified!
  *** Expected: _ZL17javaSignalHandleriP9__siginfoPv in libjvm.dylib, mask=11100110100111111111111111111111, flags=SA_RESTART|SA_SIGINFO
   SIGTRAP: _ZL13crash_handleriP9__siginfoPv in libjvm.dylib, mask=11100110100111111111111111111111, flags=SA_RESTART|SA_SIGINFO


---------------  S Y S T E M  ---------------

OS:
uname: Darwin 21.5.0 Darwin Kernel Version 21.5.0: Tue Apr 26 20:57:23 PDT 2022; root:xnu-8020.121.3~2/RELEASE_ARM64_T8110 x86_64
OS uptime: 24 days 0:58 hours
rlimit (soft/hard): STACK 8176k/65520k , CORE 0k/infinity , NPROC 1333/2000 , NOFILE 10240/65535 , AS infinity/infinity , CPU infinity/infinity , DATA infinity/infinity , FSIZE infinity/infinity , MEMLOCK infinity/infinity , RSS infinity/infinity
load average: 1.97 2.18 2.14

CPU: (EMULATED) total 8 (initial active 8) (1 cores per cpu, 1 threads per core) family 6 model 44 stepping 0 microcode 0x0, cx8, cmov, fxsr, mmx, sse, sse2, sse3, ssse3, sse4.1, sse4.2, popcnt, tsc, tscinvbit, aes, clmul, clflush

Memory: 4k page, physical 8388608k(20972k free), swap 1048576k(913664k free)

vm_info: OpenJDK 64-Bit Server VM (17.0.3+7) for bsd-amd64 JRE (17.0.3+7), built on Apr 19 2022 22:49:40 by "jenkins" with clang 4.2.1 Compatible Apple LLVM 10.0.1 (clang-1001.0.46.4)

END.
